<?xml version="1.0" encoding="UTF-8"?>
<coverage generated="1698942062555" clover="3.2.0">
  <project timestamp="1698942062555" name="All files">
    <metrics statements="1380" coveredstatements="1267" conditionals="215" coveredconditionals="193" methods="110" coveredmethods="69" elements="1705" coveredelements="1529" complexity="0" loc="1380" ncloc="1380" packages="1" files="2" classes="2"/>
    <file name="linq-core.js" path="C:\Users\AnthonyChambers\OneDrive\code\LinqJS\LinqJS\Scripts\linqJs\linq-core.js">
      <metrics statements="996" coveredstatements="951" conditionals="181" coveredconditionals="171" methods="56" coveredmethods="54"/>
      <line num="1" count="1" type="stmt"/>
      <line num="2" count="1" type="stmt"/>
      <line num="3" count="1" type="stmt"/>
      <line num="4" count="1" type="stmt"/>
      <line num="5" count="1" type="stmt"/>
      <line num="6" count="1" type="stmt"/>
      <line num="7" count="1" type="stmt"/>
      <line num="8" count="1" type="stmt"/>
      <line num="9" count="1" type="stmt"/>
      <line num="10" count="1" type="stmt"/>
      <line num="11" count="1" type="stmt"/>
      <line num="12" count="1" type="cond" truecount="1" falsecount="0"/>
      <line num="13" count="43" type="stmt"/>
      <line num="14" count="43" type="stmt"/>
      <line num="15" count="43" type="stmt"/>
      <line num="16" count="43" type="stmt"/>
      <line num="17" count="43" type="stmt"/>
      <line num="18" count="43" type="cond" truecount="1" falsecount="0"/>
      <line num="19" count="108" type="stmt"/>
      <line num="20" count="108" type="stmt"/>
      <line num="21" count="43" type="stmt"/>
      <line num="22" count="43" type="cond" truecount="1" falsecount="0"/>
      <line num="23" count="1" type="stmt"/>
      <line num="24" count="1" type="stmt"/>
      <line num="25" count="43" type="stmt"/>
      <line num="26" count="43" type="stmt"/>
      <line num="27" count="43" type="stmt"/>
      <line num="28" count="43" type="stmt"/>
      <line num="29" count="43" type="stmt"/>
      <line num="30" count="43" type="stmt"/>
      <line num="31" count="43" type="cond" truecount="1" falsecount="0"/>
      <line num="32" count="207" type="stmt"/>
      <line num="33" count="207" type="cond" truecount="1" falsecount="0"/>
      <line num="34" count="3" type="stmt"/>
      <line num="35" count="3" type="stmt"/>
      <line num="36" count="43" type="stmt"/>
      <line num="37" count="43" type="stmt"/>
      <line num="38" count="43" type="stmt"/>
      <line num="39" count="43" type="stmt"/>
      <line num="40" count="43" type="stmt"/>
      <line num="41" count="43" type="stmt"/>
      <line num="42" count="43" type="cond" truecount="1" falsecount="0"/>
      <line num="43" count="28" type="stmt"/>
      <line num="44" count="28" type="cond" truecount="1" falsecount="0"/>
      <line num="45" count="20" type="stmt"/>
      <line num="46" count="20" type="stmt"/>
      <line num="47" count="43" type="stmt"/>
      <line num="48" count="43" type="stmt"/>
      <line num="49" count="43" type="stmt"/>
      <line num="50" count="43" type="stmt"/>
      <line num="51" count="43" type="stmt"/>
      <line num="52" count="43" type="stmt"/>
      <line num="53" count="43" type="stmt"/>
      <line num="54" count="43" type="stmt"/>
      <line num="55" count="43" type="cond" truecount="1" falsecount="0"/>
      <line num="56" count="211" type="stmt"/>
      <line num="57" count="211" type="cond" truecount="1" falsecount="0"/>
      <line num="58" count="2" type="stmt"/>
      <line num="59" count="2" type="cond" truecount="1" falsecount="0"/>
      <line num="60" count="209" type="stmt"/>
      <line num="61" count="211" type="cond" truecount="0" falsecount="1"/>
      <line num="62" count="0" type="stmt"/>
      <line num="63" count="0" type="cond" truecount="1" falsecount="0"/>
      <line num="64" count="209" type="stmt"/>
      <line num="65" count="211" type="cond" truecount="2" falsecount="0"/>
      <line num="66" count="1" type="stmt"/>
      <line num="67" count="1" type="cond" truecount="1" falsecount="0"/>
      <line num="68" count="208" type="stmt"/>
      <line num="69" count="208" type="stmt"/>
      <line num="70" count="43" type="stmt"/>
      <line num="71" count="43" type="stmt"/>
      <line num="72" count="43" type="stmt"/>
      <line num="73" count="43" type="stmt"/>
      <line num="74" count="43" type="stmt"/>
      <line num="75" count="43" type="stmt"/>
      <line num="76" count="43" type="stmt"/>
      <line num="77" count="43" type="cond" truecount="1" falsecount="0"/>
      <line num="78" count="378" type="stmt"/>
      <line num="79" count="378" type="cond" truecount="1" falsecount="0"/>
      <line num="80" count="8" type="stmt"/>
      <line num="81" count="8" type="cond" truecount="1" falsecount="0"/>
      <line num="82" count="370" type="stmt"/>
      <line num="83" count="370" type="stmt"/>
      <line num="84" count="43" type="stmt"/>
      <line num="85" count="43" type="stmt"/>
      <line num="86" count="43" type="stmt"/>
      <line num="87" count="43" type="cond" truecount="1" falsecount="0"/>
      <line num="88" count="3" type="stmt"/>
      <line num="89" count="3" type="stmt"/>
      <line num="90" count="3" type="stmt"/>
      <line num="91" count="3" type="stmt"/>
      <line num="92" count="3" type="stmt"/>
      <line num="93" count="3" type="cond" truecount="1" falsecount="0"/>
      <line num="94" count="24" type="stmt"/>
      <line num="95" count="24" type="cond" truecount="1" falsecount="0"/>
      <line num="96" count="11" type="stmt"/>
      <line num="97" count="11" type="stmt"/>
      <line num="98" count="3" type="stmt"/>
      <line num="99" count="3" type="stmt"/>
      <line num="100" count="3" type="stmt"/>
      <line num="101" count="43" type="stmt"/>
      <line num="102" count="43" type="stmt"/>
      <line num="103" count="43" type="stmt"/>
      <line num="104" count="43" type="stmt"/>
      <line num="105" count="43" type="stmt"/>
      <line num="106" count="43" type="stmt"/>
      <line num="107" count="43" type="stmt"/>
      <line num="108" count="43" type="stmt"/>
      <line num="109" count="43" type="cond" truecount="1" falsecount="0"/>
      <line num="110" count="4" type="stmt"/>
      <line num="111" count="4" type="cond" truecount="1" falsecount="0"/>
      <line num="112" count="2" type="stmt"/>
      <line num="113" count="2" type="stmt"/>
      <line num="114" count="2" type="stmt"/>
      <line num="115" count="2" type="stmt"/>
      <line num="116" count="2" type="stmt"/>
      <line num="117" count="2" type="stmt"/>
      <line num="118" count="2" type="stmt"/>
      <line num="119" count="2" type="stmt"/>
      <line num="120" count="4" type="cond" truecount="1" falsecount="0"/>
      <line num="121" count="11" type="stmt"/>
      <line num="122" count="11" type="stmt"/>
      <line num="123" count="11" type="cond" truecount="1" falsecount="0"/>
      <line num="124" count="1" type="stmt"/>
      <line num="125" count="1" type="stmt"/>
      <line num="126" count="11" type="cond" truecount="1" falsecount="0"/>
      <line num="127" count="1" type="stmt"/>
      <line num="128" count="1" type="stmt"/>
      <line num="129" count="43" type="stmt"/>
      <line num="130" count="43" type="stmt"/>
      <line num="131" count="43" type="stmt"/>
      <line num="132" count="43" type="cond" truecount="1" falsecount="0"/>
      <line num="133" count="3" type="stmt"/>
      <line num="134" count="3" type="cond" truecount="1" falsecount="0"/>
      <line num="135" count="2" type="stmt"/>
      <line num="136" count="2" type="stmt"/>
      <line num="137" count="2" type="stmt"/>
      <line num="138" count="2" type="stmt"/>
      <line num="139" count="2" type="cond" truecount="1" falsecount="0"/>
      <line num="140" count="1" type="stmt"/>
      <line num="141" count="1" type="stmt"/>
      <line num="142" count="1" type="stmt"/>
      <line num="143" count="1" type="stmt"/>
      <line num="144" count="1" type="stmt"/>
      <line num="145" count="1" type="stmt"/>
      <line num="146" count="2" type="cond" truecount="1" falsecount="0"/>
      <line num="147" count="4" type="stmt"/>
      <line num="148" count="4" type="stmt"/>
      <line num="149" count="4" type="cond" truecount="1" falsecount="0"/>
      <line num="150" count="1" type="stmt"/>
      <line num="151" count="1" type="stmt"/>
      <line num="152" count="4" type="cond" truecount="0" falsecount="1"/>
      <line num="153" count="0" type="stmt"/>
      <line num="154" count="0" type="stmt"/>
      <line num="155" count="43" type="stmt"/>
      <line num="156" count="43" type="stmt"/>
      <line num="157" count="43" type="stmt"/>
      <line num="158" count="43" type="stmt"/>
      <line num="159" count="43" type="stmt"/>
      <line num="160" count="43" type="stmt"/>
      <line num="161" count="43" type="stmt"/>
      <line num="162" count="43" type="stmt"/>
      <line num="163" count="43" type="stmt"/>
      <line num="164" count="43" type="cond" truecount="1" falsecount="0"/>
      <line num="165" count="9" type="stmt"/>
      <line num="166" count="9" type="stmt"/>
      <line num="167" count="9" type="stmt"/>
      <line num="168" count="9" type="cond" truecount="1" falsecount="0"/>
      <line num="169" count="1" type="stmt"/>
      <line num="170" count="1" type="stmt"/>
      <line num="171" count="1" type="stmt"/>
      <line num="172" count="1" type="cond" truecount="0" falsecount="1"/>
      <line num="173" count="1" type="cond" truecount="1" falsecount="0"/>
      <line num="174" count="8" type="stmt"/>
      <line num="175" count="8" type="stmt"/>
      <line num="176" count="8" type="stmt"/>
      <line num="177" count="8" type="stmt"/>
      <line num="178" count="9" type="cond" truecount="1" falsecount="0"/>
      <line num="179" count="20" type="stmt"/>
      <line num="180" count="20" type="stmt"/>
      <line num="181" count="20" type="cond" truecount="1" falsecount="0"/>
      <line num="182" count="4" type="stmt"/>
      <line num="183" count="4" type="stmt"/>
      <line num="184" count="20" type="cond" truecount="1" falsecount="0"/>
      <line num="185" count="4" type="stmt"/>
      <line num="186" count="4" type="stmt"/>
      <line num="187" count="43" type="stmt"/>
      <line num="188" count="43" type="stmt"/>
      <line num="189" count="43" type="stmt"/>
      <line num="190" count="43" type="cond" truecount="1" falsecount="0"/>
      <line num="191" count="2" type="stmt"/>
      <line num="192" count="2" type="cond" truecount="1" falsecount="0"/>
      <line num="193" count="1" type="stmt"/>
      <line num="194" count="1" type="stmt"/>
      <line num="195" count="1" type="stmt"/>
      <line num="196" count="1" type="stmt"/>
      <line num="197" count="1" type="stmt"/>
      <line num="198" count="1" type="stmt"/>
      <line num="199" count="1" type="stmt"/>
      <line num="200" count="1" type="stmt"/>
      <line num="201" count="1" type="stmt"/>
      <line num="202" count="1" type="stmt"/>
      <line num="203" count="1" type="stmt"/>
      <line num="204" count="2" type="cond" truecount="1" falsecount="0"/>
      <line num="205" count="3" type="stmt"/>
      <line num="206" count="3" type="stmt"/>
      <line num="207" count="3" type="cond" truecount="1" falsecount="0"/>
      <line num="208" count="1" type="stmt"/>
      <line num="209" count="1" type="stmt"/>
      <line num="210" count="3" type="cond" truecount="0" falsecount="1"/>
      <line num="211" count="0" type="stmt"/>
      <line num="212" count="0" type="stmt"/>
      <line num="213" count="43" type="stmt"/>
      <line num="214" count="43" type="stmt"/>
      <line num="215" count="43" type="stmt"/>
      <line num="216" count="43" type="stmt"/>
      <line num="217" count="43" type="stmt"/>
      <line num="218" count="43" type="stmt"/>
      <line num="219" count="43" type="stmt"/>
      <line num="220" count="43" type="stmt"/>
      <line num="221" count="43" type="cond" truecount="1" falsecount="0"/>
      <line num="222" count="3" type="stmt"/>
      <line num="223" count="3" type="stmt"/>
      <line num="224" count="3" type="stmt"/>
      <line num="225" count="3" type="stmt"/>
      <line num="226" count="3" type="stmt"/>
      <line num="227" count="3" type="stmt"/>
      <line num="228" count="3" type="cond" truecount="1" falsecount="0"/>
      <line num="229" count="16" type="stmt"/>
      <line num="230" count="16" type="stmt"/>
      <line num="231" count="16" type="cond" truecount="1" falsecount="0"/>
      <line num="232" count="1" type="stmt"/>
      <line num="233" count="1" type="stmt"/>
      <line num="234" count="16" type="cond" truecount="1" falsecount="0"/>
      <line num="235" count="2" type="stmt"/>
      <line num="236" count="2" type="stmt"/>
      <line num="237" count="43" type="stmt"/>
      <line num="238" count="43" type="stmt"/>
      <line num="239" count="43" type="stmt"/>
      <line num="240" count="43" type="stmt"/>
      <line num="241" count="43" type="stmt"/>
      <line num="242" count="43" type="stmt"/>
      <line num="243" count="43" type="cond" truecount="1" falsecount="0"/>
      <line num="244" count="161" type="stmt"/>
      <line num="245" count="161" type="stmt"/>
      <line num="246" count="161" type="stmt"/>
      <line num="247" count="161" type="cond" truecount="1" falsecount="0"/>
      <line num="248" count="158" type="stmt"/>
      <line num="249" count="158" type="stmt"/>
      <line num="250" count="158" type="stmt"/>
      <line num="251" count="158" type="stmt"/>
      <line num="252" count="158" type="stmt"/>
      <line num="253" count="158" type="stmt"/>
      <line num="254" count="158" type="cond" truecount="1" falsecount="0"/>
      <line num="255" count="608" type="stmt"/>
      <line num="256" count="608" type="stmt"/>
      <line num="257" count="608" type="cond" truecount="1" falsecount="0"/>
      <line num="258" count="45" type="stmt"/>
      <line num="259" count="45" type="stmt"/>
      <line num="260" count="608" type="stmt"/>
      <line num="261" count="158" type="stmt"/>
      <line num="262" count="3" type="cond" truecount="1" falsecount="0"/>
      <line num="263" count="3" type="cond" truecount="1" falsecount="0"/>
      <line num="264" count="1" type="stmt"/>
      <line num="265" count="1" type="cond" truecount="1" falsecount="0"/>
      <line num="266" count="2" type="stmt"/>
      <line num="267" count="3" type="cond" truecount="1" falsecount="0"/>
      <line num="268" count="7" type="stmt"/>
      <line num="269" count="7" type="cond" truecount="1" falsecount="0"/>
      <line num="270" count="1" type="stmt"/>
      <line num="271" count="1" type="stmt"/>
      <line num="272" count="1" type="cond" truecount="1" falsecount="0"/>
      <line num="273" count="6" type="stmt"/>
      <line num="274" count="7" type="cond" truecount="0" falsecount="1"/>
      <line num="275" count="0" type="stmt"/>
      <line num="276" count="0" type="stmt"/>
      <line num="277" count="7" type="cond" truecount="1" falsecount="0"/>
      <line num="278" count="2" type="stmt"/>
      <line num="279" count="43" type="stmt"/>
      <line num="280" count="43" type="stmt"/>
      <line num="281" count="43" type="stmt"/>
      <line num="282" count="43" type="cond" truecount="1" falsecount="0"/>
      <line num="283" count="2" type="stmt"/>
      <line num="284" count="2" type="stmt"/>
      <line num="285" count="2" type="stmt"/>
      <line num="286" count="2" type="stmt"/>
      <line num="287" count="2" type="stmt"/>
      <line num="288" count="2" type="cond" truecount="1" falsecount="0"/>
      <line num="289" count="12" type="stmt"/>
      <line num="290" count="12" type="stmt"/>
      <line num="291" count="2" type="stmt"/>
      <line num="292" count="2" type="stmt"/>
      <line num="293" count="2" type="stmt"/>
      <line num="294" count="43" type="stmt"/>
      <line num="295" count="43" type="stmt"/>
      <line num="296" count="43" type="stmt"/>
      <line num="297" count="43" type="cond" truecount="1" falsecount="0"/>
      <line num="298" count="1" type="stmt"/>
      <line num="299" count="1" type="stmt"/>
      <line num="300" count="1" type="stmt"/>
      <line num="301" count="1" type="stmt"/>
      <line num="302" count="1" type="stmt"/>
      <line num="303" count="1" type="stmt"/>
      <line num="304" count="1" type="cond" truecount="1" falsecount="0"/>
      <line num="305" count="8" type="stmt"/>
      <line num="306" count="8" type="stmt"/>
      <line num="307" count="1" type="stmt"/>
      <line num="308" count="1" type="stmt"/>
      <line num="309" count="1" type="stmt"/>
      <line num="310" count="43" type="stmt"/>
      <line num="311" count="43" type="stmt"/>
      <line num="312" count="43" type="stmt"/>
      <line num="313" count="43" type="cond" truecount="1" falsecount="0"/>
      <line num="314" count="1" type="stmt"/>
      <line num="315" count="1" type="stmt"/>
      <line num="316" count="1" type="stmt"/>
      <line num="317" count="1" type="stmt"/>
      <line num="318" count="1" type="stmt"/>
      <line num="319" count="1" type="stmt"/>
      <line num="320" count="1" type="cond" truecount="1" falsecount="0"/>
      <line num="321" count="8" type="stmt"/>
      <line num="322" count="8" type="stmt"/>
      <line num="323" count="1" type="stmt"/>
      <line num="324" count="1" type="stmt"/>
      <line num="325" count="1" type="stmt"/>
      <line num="326" count="1" type="stmt"/>
      <line num="327" count="1" type="stmt"/>
      <line num="328" count="43" type="stmt"/>
      <line num="329" count="43" type="stmt"/>
      <line num="330" count="43" type="stmt"/>
      <line num="331" count="43" type="cond" truecount="1" falsecount="0"/>
      <line num="332" count="1" type="stmt"/>
      <line num="333" count="1" type="stmt"/>
      <line num="334" count="1" type="stmt"/>
      <line num="335" count="1" type="cond" truecount="1" falsecount="0"/>
      <line num="336" count="4" type="stmt"/>
      <line num="337" count="4" type="stmt"/>
      <line num="338" count="1" type="stmt"/>
      <line num="339" count="1" type="stmt"/>
      <line num="340" count="1" type="stmt"/>
      <line num="341" count="1" type="stmt"/>
      <line num="342" count="1" type="stmt"/>
      <line num="343" count="43" type="stmt"/>
      <line num="344" count="43" type="stmt"/>
      <line num="345" count="43" type="stmt"/>
      <line num="346" count="43" type="cond" truecount="1" falsecount="0"/>
      <line num="347" count="1" type="stmt"/>
      <line num="348" count="1" type="stmt"/>
      <line num="349" count="1" type="stmt"/>
      <line num="350" count="1" type="stmt"/>
      <line num="351" count="1" type="stmt"/>
      <line num="352" count="1" type="stmt"/>
      <line num="353" count="1" type="cond" truecount="1" falsecount="0"/>
      <line num="354" count="4" type="stmt"/>
      <line num="355" count="4" type="stmt"/>
      <line num="356" count="4" type="stmt"/>
      <line num="357" count="1" type="stmt"/>
      <line num="358" count="1" type="stmt"/>
      <line num="359" count="1" type="stmt"/>
      <line num="360" count="1" type="stmt"/>
      <line num="361" count="1" type="stmt"/>
      <line num="362" count="43" type="stmt"/>
      <line num="363" count="43" type="stmt"/>
      <line num="364" count="43" type="stmt"/>
      <line num="365" count="43" type="cond" truecount="1" falsecount="0"/>
      <line num="366" count="2" type="stmt"/>
      <line num="367" count="2" type="stmt"/>
      <line num="368" count="2" type="stmt"/>
      <line num="369" count="2" type="stmt"/>
      <line num="370" count="2" type="stmt"/>
      <line num="371" count="2" type="stmt"/>
      <line num="372" count="2" type="cond" truecount="1" falsecount="0"/>
      <line num="373" count="8" type="stmt"/>
      <line num="374" count="8" type="stmt"/>
      <line num="375" count="8" type="stmt"/>
      <line num="376" count="2" type="stmt"/>
      <line num="377" count="2" type="stmt"/>
      <line num="378" count="2" type="stmt"/>
      <line num="379" count="43" type="stmt"/>
      <line num="380" count="43" type="stmt"/>
      <line num="381" count="43" type="stmt"/>
      <line num="382" count="43" type="cond" truecount="1" falsecount="0"/>
      <line num="383" count="1" type="stmt"/>
      <line num="384" count="1" type="stmt"/>
      <line num="385" count="1" type="stmt"/>
      <line num="386" count="1" type="stmt"/>
      <line num="387" count="1" type="stmt"/>
      <line num="388" count="1" type="stmt"/>
      <line num="389" count="1" type="stmt"/>
      <line num="390" count="1" type="stmt"/>
      <line num="391" count="43" type="stmt"/>
      <line num="392" count="43" type="stmt"/>
      <line num="393" count="43" type="stmt"/>
      <line num="394" count="43" type="cond" truecount="1" falsecount="0"/>
      <line num="395" count="93" type="stmt"/>
      <line num="396" count="93" type="cond" truecount="1" falsecount="0"/>
      <line num="397" count="67" type="cond" truecount="1" falsecount="0"/>
      <line num="398" count="190" type="stmt"/>
      <line num="399" count="67" type="stmt"/>
      <line num="400" count="67" type="stmt"/>
      <line num="401" count="93" type="stmt"/>
      <line num="402" count="93" type="stmt"/>
      <line num="403" count="93" type="stmt"/>
      <line num="404" count="93" type="cond" truecount="1" falsecount="0"/>
      <line num="405" count="280" type="stmt"/>
      <line num="406" count="280" type="cond" truecount="1" falsecount="0"/>
      <line num="407" count="40" type="stmt"/>
      <line num="408" count="40" type="stmt"/>
      <line num="409" count="40" type="stmt"/>
      <line num="410" count="93" type="stmt"/>
      <line num="411" count="93" type="stmt"/>
      <line num="412" count="93" type="stmt"/>
      <line num="413" count="43" type="stmt"/>
      <line num="414" count="43" type="stmt"/>
      <line num="415" count="43" type="stmt"/>
      <line num="416" count="43" type="cond" truecount="1" falsecount="0"/>
      <line num="417" count="1" type="stmt"/>
      <line num="418" count="1" type="stmt"/>
      <line num="419" count="1" type="stmt"/>
      <line num="420" count="1" type="stmt"/>
      <line num="421" count="43" type="stmt"/>
      <line num="422" count="43" type="stmt"/>
      <line num="423" count="43" type="stmt"/>
      <line num="424" count="43" type="cond" truecount="1" falsecount="0"/>
      <line num="425" count="2" type="stmt"/>
      <line num="426" count="2" type="cond" truecount="1" falsecount="0"/>
      <line num="427" count="1" type="stmt"/>
      <line num="428" count="1" type="stmt"/>
      <line num="429" count="1" type="stmt"/>
      <line num="430" count="1" type="stmt"/>
      <line num="431" count="43" type="stmt"/>
      <line num="432" count="43" type="stmt"/>
      <line num="433" count="43" type="stmt"/>
      <line num="434" count="43" type="cond" truecount="1" falsecount="0"/>
      <line num="435" count="8" type="stmt"/>
      <line num="436" count="8" type="stmt"/>
      <line num="437" count="8" type="stmt"/>
      <line num="438" count="8" type="stmt"/>
      <line num="439" count="8" type="cond" truecount="1" falsecount="0"/>
      <line num="440" count="65" type="stmt"/>
      <line num="441" count="65" type="cond" truecount="1" falsecount="0"/>
      <line num="442" count="41" type="stmt"/>
      <line num="443" count="41" type="stmt"/>
      <line num="444" count="8" type="stmt"/>
      <line num="445" count="8" type="stmt"/>
      <line num="446" count="8" type="stmt"/>
      <line num="447" count="43" type="stmt"/>
      <line num="448" count="43" type="stmt"/>
      <line num="449" count="43" type="stmt"/>
      <line num="450" count="43" type="cond" truecount="1" falsecount="0"/>
      <line num="451" count="1" type="stmt"/>
      <line num="452" count="1" type="stmt"/>
      <line num="453" count="1" type="stmt"/>
      <line num="454" count="1" type="cond" truecount="0" falsecount="1"/>
      <line num="455" count="0" type="stmt"/>
      <line num="456" count="0" type="stmt"/>
      <line num="457" count="43" type="stmt"/>
      <line num="458" count="43" type="stmt"/>
      <line num="459" count="43" type="stmt"/>
      <line num="460" count="43" type="cond" truecount="1" falsecount="0"/>
      <line num="461" count="1" type="stmt"/>
      <line num="462" count="1" type="stmt"/>
      <line num="463" count="1" type="stmt"/>
      <line num="464" count="1" type="stmt"/>
      <line num="465" count="1" type="stmt"/>
      <line num="466" count="1" type="stmt"/>
      <line num="467" count="1" type="stmt"/>
      <line num="468" count="1" type="cond" truecount="1" falsecount="0"/>
      <line num="469" count="5" type="stmt"/>
      <line num="470" count="5" type="cond" truecount="1" falsecount="0"/>
      <line num="471" count="2" type="stmt"/>
      <line num="472" count="2" type="stmt"/>
      <line num="473" count="1" type="stmt"/>
      <line num="474" count="1" type="stmt"/>
      <line num="475" count="1" type="cond" truecount="1" falsecount="0"/>
      <line num="476" count="4" type="stmt"/>
      <line num="477" count="4" type="cond" truecount="1" falsecount="0"/>
      <line num="478" count="1" type="stmt"/>
      <line num="479" count="1" type="stmt"/>
      <line num="480" count="1" type="stmt"/>
      <line num="481" count="1" type="stmt"/>
      <line num="482" count="1" type="stmt"/>
      <line num="483" count="43" type="stmt"/>
      <line num="484" count="43" type="stmt"/>
      <line num="485" count="43" type="stmt"/>
      <line num="486" count="43" type="cond" truecount="1" falsecount="0"/>
      <line num="487" count="1" type="stmt"/>
      <line num="488" count="1" type="stmt"/>
      <line num="489" count="1" type="stmt"/>
      <line num="490" count="1" type="stmt"/>
      <line num="491" count="1" type="stmt"/>
      <line num="492" count="1" type="stmt"/>
      <line num="493" count="1" type="cond" truecount="1" falsecount="0"/>
      <line num="494" count="5" type="stmt"/>
      <line num="495" count="5" type="cond" truecount="1" falsecount="0"/>
      <line num="496" count="3" type="stmt"/>
      <line num="497" count="3" type="stmt"/>
      <line num="498" count="1" type="stmt"/>
      <line num="499" count="1" type="stmt"/>
      <line num="500" count="1" type="stmt"/>
      <line num="501" count="43" type="stmt"/>
      <line num="502" count="43" type="stmt"/>
      <line num="503" count="43" type="stmt"/>
      <line num="504" count="43" type="cond" truecount="1" falsecount="0"/>
      <line num="505" count="1" type="stmt"/>
      <line num="506" count="1" type="stmt"/>
      <line num="507" count="1" type="cond" truecount="1" falsecount="0"/>
      <line num="508" count="5" type="stmt"/>
      <line num="509" count="1" type="stmt"/>
      <line num="510" count="1" type="stmt"/>
      <line num="511" count="1" type="stmt"/>
      <line num="512" count="1" type="stmt"/>
      <line num="513" count="1" type="stmt"/>
      <line num="514" count="1" type="cond" truecount="1" falsecount="0"/>
      <line num="515" count="6" type="stmt"/>
      <line num="516" count="6" type="cond" truecount="2" falsecount="0"/>
      <line num="517" count="3" type="stmt"/>
      <line num="518" count="3" type="stmt"/>
      <line num="519" count="1" type="stmt"/>
      <line num="520" count="1" type="stmt"/>
      <line num="521" count="1" type="stmt"/>
      <line num="522" count="43" type="stmt"/>
      <line num="523" count="43" type="stmt"/>
      <line num="524" count="43" type="stmt"/>
      <line num="525" count="43" type="cond" truecount="1" falsecount="0"/>
      <line num="526" count="1" type="stmt"/>
      <line num="527" count="1" type="stmt"/>
      <line num="528" count="1" type="cond" truecount="1" falsecount="0"/>
      <line num="529" count="8" type="stmt"/>
      <line num="530" count="1" type="stmt"/>
      <line num="531" count="1" type="stmt"/>
      <line num="532" count="1" type="stmt"/>
      <line num="533" count="1" type="stmt"/>
      <line num="534" count="1" type="stmt"/>
      <line num="535" count="1" type="cond" truecount="1" falsecount="0"/>
      <line num="536" count="9" type="stmt"/>
      <line num="537" count="9" type="cond" truecount="2" falsecount="0"/>
      <line num="538" count="1" type="stmt"/>
      <line num="539" count="1" type="stmt"/>
      <line num="540" count="1" type="stmt"/>
      <line num="541" count="1" type="stmt"/>
      <line num="542" count="1" type="stmt"/>
      <line num="543" count="43" type="stmt"/>
      <line num="544" count="43" type="stmt"/>
      <line num="545" count="43" type="stmt"/>
      <line num="546" count="43" type="cond" truecount="1" falsecount="0"/>
      <line num="547" count="8" type="stmt"/>
      <line num="548" count="8" type="stmt"/>
      <line num="549" count="8" type="stmt"/>
      <line num="550" count="8" type="stmt"/>
      <line num="551" count="8" type="stmt"/>
      <line num="552" count="8" type="stmt"/>
      <line num="553" count="8" type="stmt"/>
      <line num="554" count="8" type="stmt"/>
      <line num="555" count="8" type="stmt"/>
      <line num="556" count="8" type="cond" truecount="1" falsecount="0"/>
      <line num="557" count="2" type="cond" truecount="1" falsecount="0"/>
      <line num="558" count="2" type="stmt"/>
      <line num="559" count="8" type="stmt"/>
      <line num="560" count="8" type="stmt"/>
      <line num="561" count="8" type="stmt"/>
      <line num="562" count="8" type="cond" truecount="1" falsecount="0"/>
      <line num="563" count="4" type="cond" truecount="1" falsecount="0"/>
      <line num="564" count="34" type="stmt"/>
      <line num="565" count="34" type="cond" truecount="1" falsecount="0"/>
      <line num="566" count="18" type="stmt"/>
      <line num="567" count="18" type="cond" truecount="1" falsecount="0"/>
      <line num="568" count="16" type="stmt"/>
      <line num="569" count="16" type="stmt"/>
      <line num="570" count="16" type="stmt"/>
      <line num="571" count="16" type="cond" truecount="0" falsecount="1"/>
      <line num="572" count="0" type="stmt"/>
      <line num="573" count="0" type="stmt"/>
      <line num="574" count="0" type="stmt"/>
      <line num="575" count="4" type="stmt"/>
      <line num="576" count="4" type="stmt"/>
      <line num="577" count="4" type="cond" truecount="1" falsecount="0"/>
      <line num="578" count="24" type="stmt"/>
      <line num="579" count="24" type="stmt"/>
      <line num="580" count="24" type="stmt"/>
      <line num="581" count="24" type="stmt"/>
      <line num="582" count="4" type="stmt"/>
      <line num="583" count="4" type="stmt"/>
      <line num="584" count="8" type="stmt"/>
      <line num="585" count="8" type="stmt"/>
      <line num="586" count="8" type="stmt"/>
      <line num="587" count="8" type="stmt"/>
      <line num="588" count="43" type="stmt"/>
      <line num="589" count="43" type="stmt"/>
      <line num="590" count="43" type="stmt"/>
      <line num="591" count="43" type="cond" truecount="1" falsecount="0"/>
      <line num="592" count="4" type="stmt"/>
      <line num="593" count="4" type="stmt"/>
      <line num="594" count="43" type="stmt"/>
      <line num="595" count="43" type="stmt"/>
      <line num="596" count="43" type="stmt"/>
      <line num="597" count="43" type="stmt"/>
      <line num="598" count="43" type="stmt"/>
      <line num="599" count="43" type="stmt"/>
      <line num="600" count="43" type="stmt"/>
      <line num="601" count="43" type="stmt"/>
      <line num="602" count="43" type="stmt"/>
      <line num="603" count="43" type="cond" truecount="1" falsecount="0"/>
      <line num="604" count="2" type="stmt"/>
      <line num="605" count="2" type="stmt"/>
      <line num="606" count="2" type="stmt"/>
      <line num="607" count="2" type="cond" truecount="1" falsecount="0"/>
      <line num="608" count="1" type="stmt"/>
      <line num="609" count="1" type="cond" truecount="1" falsecount="0"/>
      <line num="610" count="6" type="stmt"/>
      <line num="611" count="6" type="stmt"/>
      <line num="612" count="6" type="stmt"/>
      <line num="613" count="6" type="cond" truecount="0" falsecount="1"/>
      <line num="614" count="1" type="stmt"/>
      <line num="615" count="1" type="stmt"/>
      <line num="616" count="2" type="stmt"/>
      <line num="617" count="2" type="stmt"/>
      <line num="618" count="2" type="stmt"/>
      <line num="619" count="2" type="cond" truecount="1" falsecount="0"/>
      <line num="620" count="10" type="stmt"/>
      <line num="621" count="10" type="stmt"/>
      <line num="622" count="2" type="stmt"/>
      <line num="623" count="2" type="stmt"/>
      <line num="624" count="2" type="stmt"/>
      <line num="625" count="43" type="stmt"/>
      <line num="626" count="43" type="stmt"/>
      <line num="627" count="43" type="stmt"/>
      <line num="628" count="43" type="cond" truecount="1" falsecount="0"/>
      <line num="629" count="6" type="stmt"/>
      <line num="630" count="6" type="stmt"/>
      <line num="631" count="6" type="stmt"/>
      <line num="632" count="6" type="stmt"/>
      <line num="633" count="6" type="stmt"/>
      <line num="634" count="6" type="cond" truecount="1" falsecount="0"/>
      <line num="635" count="1" type="cond" truecount="1" falsecount="0"/>
      <line num="636" count="1" type="stmt"/>
      <line num="637" count="1" type="stmt"/>
      <line num="638" count="1" type="cond" truecount="1" falsecount="0"/>
      <line num="639" count="4" type="stmt"/>
      <line num="640" count="4" type="stmt"/>
      <line num="641" count="4" type="stmt"/>
      <line num="642" count="4" type="cond" truecount="1" falsecount="0"/>
      <line num="643" count="13" type="stmt"/>
      <line num="644" count="13" type="cond" truecount="1" falsecount="0"/>
      <line num="645" count="4" type="stmt"/>
      <line num="646" count="4" type="stmt"/>
      <line num="647" count="4" type="stmt"/>
      <line num="648" count="4" type="stmt"/>
      <line num="649" count="4" type="stmt"/>
      <line num="650" count="4" type="stmt"/>
      <line num="651" count="6" type="cond" truecount="1" falsecount="0"/>
      <line num="652" count="6" type="cond" truecount="1" falsecount="0"/>
      <line num="653" count="6" type="cond" truecount="1" falsecount="0"/>
      <line num="654" count="1" type="stmt"/>
      <line num="655" count="1" type="stmt"/>
      <line num="656" count="43" type="stmt"/>
      <line num="657" count="43" type="stmt"/>
      <line num="658" count="43" type="stmt"/>
      <line num="659" count="43" type="stmt"/>
      <line num="660" count="43" type="stmt"/>
      <line num="661" count="43" type="stmt"/>
      <line num="662" count="43" type="stmt"/>
      <line num="663" count="43" type="stmt"/>
      <line num="664" count="43" type="stmt"/>
      <line num="665" count="43" type="cond" truecount="1" falsecount="0"/>
      <line num="666" count="6" type="stmt"/>
      <line num="667" count="6" type="stmt"/>
      <line num="668" count="6" type="stmt"/>
      <line num="669" count="6" type="stmt"/>
      <line num="670" count="6" type="stmt"/>
      <line num="671" count="6" type="stmt"/>
      <line num="672" count="6" type="stmt"/>
      <line num="673" count="6" type="stmt"/>
      <line num="674" count="6" type="stmt"/>
      <line num="675" count="6" type="cond" truecount="1" falsecount="0"/>
      <line num="676" count="1" type="cond" truecount="1" falsecount="0"/>
      <line num="677" count="1" type="stmt"/>
      <line num="678" count="1" type="stmt"/>
      <line num="679" count="1" type="cond" truecount="1" falsecount="0"/>
      <line num="680" count="5" type="stmt"/>
      <line num="681" count="5" type="stmt"/>
      <line num="682" count="5" type="stmt"/>
      <line num="683" count="5" type="cond" truecount="1" falsecount="0"/>
      <line num="684" count="16" type="stmt"/>
      <line num="685" count="16" type="cond" truecount="1" falsecount="0"/>
      <line num="686" count="4" type="stmt"/>
      <line num="687" count="4" type="stmt"/>
      <line num="688" count="4" type="stmt"/>
      <line num="689" count="5" type="stmt"/>
      <line num="690" count="5" type="stmt"/>
      <line num="691" count="5" type="stmt"/>
      <line num="692" count="6" type="cond" truecount="1" falsecount="0"/>
      <line num="693" count="6" type="cond" truecount="1" falsecount="0"/>
      <line num="694" count="6" type="cond" truecount="1" falsecount="0"/>
      <line num="695" count="1" type="stmt"/>
      <line num="696" count="1" type="stmt"/>
      <line num="697" count="43" type="stmt"/>
      <line num="698" count="43" type="stmt"/>
      <line num="699" count="43" type="stmt"/>
      <line num="700" count="43" type="cond" truecount="1" falsecount="0"/>
      <line num="701" count="3" type="stmt"/>
      <line num="702" count="3" type="cond" truecount="1" falsecount="0"/>
      <line num="703" count="1" type="stmt"/>
      <line num="704" count="1" type="cond" truecount="1" falsecount="0"/>
      <line num="705" count="2" type="stmt"/>
      <line num="706" count="3" type="cond" truecount="1" falsecount="0"/>
      <line num="707" count="1" type="stmt"/>
      <line num="708" count="1" type="stmt"/>
      <line num="709" count="1" type="stmt"/>
      <line num="710" count="1" type="stmt"/>
      <line num="711" count="1" type="stmt"/>
      <line num="712" count="1" type="stmt"/>
      <line num="713" count="43" type="stmt"/>
      <line num="714" count="43" type="stmt"/>
      <line num="715" count="43" type="stmt"/>
      <line num="716" count="43" type="cond" truecount="1" falsecount="0"/>
      <line num="717" count="3" type="stmt"/>
      <line num="718" count="3" type="stmt"/>
      <line num="719" count="3" type="stmt"/>
      <line num="720" count="3" type="stmt"/>
      <line num="721" count="3" type="stmt"/>
      <line num="722" count="3" type="stmt"/>
      <line num="723" count="3" type="cond" truecount="0" falsecount="1"/>
      <line num="724" count="0" type="stmt"/>
      <line num="725" count="0" type="stmt"/>
      <line num="726" count="3" type="stmt"/>
      <line num="727" count="3" type="stmt"/>
      <line num="728" count="3" type="stmt"/>
      <line num="729" count="3" type="stmt"/>
      <line num="730" count="3" type="stmt"/>
      <line num="731" count="3" type="cond" truecount="1" falsecount="0"/>
      <line num="732" count="9" type="stmt"/>
      <line num="733" count="9" type="stmt"/>
      <line num="734" count="9" type="stmt"/>
      <line num="735" count="9" type="cond" truecount="1" falsecount="0"/>
      <line num="736" count="18" type="stmt"/>
      <line num="737" count="18" type="cond" truecount="1" falsecount="0"/>
      <line num="738" count="12" type="stmt"/>
      <line num="739" count="12" type="stmt"/>
      <line num="740" count="18" type="cond" truecount="1" falsecount="0"/>
      <line num="741" count="6" type="stmt"/>
      <line num="742" count="6" type="stmt"/>
      <line num="743" count="9" type="stmt"/>
      <line num="744" count="3" type="stmt"/>
      <line num="745" count="3" type="stmt"/>
      <line num="746" count="3" type="stmt"/>
      <line num="747" count="43" type="stmt"/>
      <line num="748" count="43" type="stmt"/>
      <line num="749" count="43" type="stmt"/>
      <line num="750" count="43" type="cond" truecount="1" falsecount="0"/>
      <line num="751" count="1" type="stmt"/>
      <line num="752" count="1" type="stmt"/>
      <line num="753" count="1" type="stmt"/>
      <line num="754" count="1" type="stmt"/>
      <line num="755" count="1" type="stmt"/>
      <line num="756" count="1" type="stmt"/>
      <line num="757" count="1" type="stmt"/>
      <line num="758" count="1" type="stmt"/>
      <line num="759" count="1" type="cond" truecount="1" falsecount="0"/>
      <line num="760" count="4" type="stmt"/>
      <line num="761" count="4" type="cond" truecount="1" falsecount="0"/>
      <line num="762" count="3" type="stmt"/>
      <line num="763" count="3" type="stmt"/>
      <line num="764" count="3" type="stmt"/>
      <line num="765" count="1" type="cond" truecount="1" falsecount="0"/>
      <line num="766" count="1" type="stmt"/>
      <line num="767" count="1" type="stmt"/>
      <line num="768" count="1" type="stmt"/>
      <line num="769" count="1" type="stmt"/>
      <line num="770" count="1" type="stmt"/>
      <line num="771" count="43" type="stmt"/>
      <line num="772" count="43" type="stmt"/>
      <line num="773" count="43" type="stmt"/>
      <line num="774" count="43" type="cond" truecount="1" falsecount="0"/>
      <line num="775" count="2" type="stmt"/>
      <line num="776" count="2" type="stmt"/>
      <line num="777" count="2" type="stmt"/>
      <line num="778" count="2" type="stmt"/>
      <line num="779" count="2" type="stmt"/>
      <line num="780" count="2" type="stmt"/>
      <line num="781" count="2" type="stmt"/>
      <line num="782" count="2" type="stmt"/>
      <line num="783" count="2" type="cond" truecount="1" falsecount="0"/>
      <line num="784" count="12" type="stmt"/>
      <line num="785" count="12" type="cond" truecount="1" falsecount="0"/>
      <line num="786" count="6" type="stmt"/>
      <line num="787" count="6" type="stmt"/>
      <line num="788" count="2" type="stmt"/>
      <line num="789" count="2" type="stmt"/>
      <line num="790" count="2" type="stmt"/>
      <line num="791" count="2" type="stmt"/>
      <line num="792" count="2" type="stmt"/>
      <line num="793" count="43" type="stmt"/>
      <line num="794" count="43" type="stmt"/>
      <line num="795" count="43" type="stmt"/>
      <line num="796" count="43" type="cond" truecount="1" falsecount="0"/>
      <line num="797" count="1" type="stmt"/>
      <line num="798" count="1" type="stmt"/>
      <line num="799" count="1" type="stmt"/>
      <line num="800" count="1" type="stmt"/>
      <line num="801" count="1" type="stmt"/>
      <line num="802" count="1" type="cond" truecount="0" falsecount="1"/>
      <line num="803" count="0" type="stmt"/>
      <line num="804" count="0" type="stmt"/>
      <line num="805" count="1" type="stmt"/>
      <line num="806" count="1" type="stmt"/>
      <line num="807" count="1" type="stmt"/>
      <line num="808" count="1" type="stmt"/>
      <line num="809" count="1" type="cond" truecount="1" falsecount="0"/>
      <line num="810" count="1" type="stmt"/>
      <line num="811" count="1" type="cond" truecount="1" falsecount="0"/>
      <line num="812" count="6" type="stmt"/>
      <line num="813" count="6" type="stmt"/>
      <line num="814" count="6" type="stmt"/>
      <line num="815" count="6" type="stmt"/>
      <line num="816" count="6" type="stmt"/>
      <line num="817" count="6" type="stmt"/>
      <line num="818" count="6" type="stmt"/>
      <line num="819" count="6" type="stmt"/>
      <line num="820" count="6" type="stmt"/>
      <line num="821" count="6" type="stmt"/>
      <line num="822" count="6" type="cond" truecount="1" falsecount="0"/>
      <line num="823" count="3" type="stmt"/>
      <line num="824" count="3" type="stmt"/>
      <line num="825" count="6" type="stmt"/>
      <line num="826" count="6" type="stmt"/>
      <line num="827" count="6" type="stmt"/>
      <line num="828" count="6" type="stmt"/>
      <line num="829" count="1" type="stmt"/>
      <line num="830" count="1" type="stmt"/>
      <line num="831" count="1" type="stmt"/>
      <line num="832" count="43" type="stmt"/>
      <line num="833" count="43" type="stmt"/>
      <line num="834" count="43" type="stmt"/>
      <line num="835" count="43" type="cond" truecount="1" falsecount="0"/>
      <line num="836" count="4" type="stmt"/>
      <line num="837" count="4" type="stmt"/>
      <line num="838" count="4" type="stmt"/>
      <line num="839" count="4" type="stmt"/>
      <line num="840" count="4" type="stmt"/>
      <line num="841" count="4" type="cond" truecount="1" falsecount="0"/>
      <line num="842" count="2" type="stmt"/>
      <line num="843" count="2" type="stmt"/>
      <line num="844" count="2" type="stmt"/>
      <line num="845" count="2" type="cond" truecount="1" falsecount="0"/>
      <line num="846" count="8" type="stmt"/>
      <line num="847" count="8" type="cond" truecount="1" falsecount="0"/>
      <line num="848" count="7" type="stmt"/>
      <line num="849" count="7" type="stmt"/>
      <line num="850" count="1" type="cond" truecount="1" falsecount="0"/>
      <line num="851" count="1" type="stmt"/>
      <line num="852" count="1" type="stmt"/>
      <line num="853" count="2" type="stmt"/>
      <line num="854" count="2" type="stmt"/>
      <line num="855" count="2" type="stmt"/>
      <line num="856" count="43" type="stmt"/>
      <line num="857" count="43" type="stmt"/>
      <line num="858" count="43" type="stmt"/>
      <line num="859" count="43" type="cond" truecount="1" falsecount="0"/>
      <line num="860" count="2" type="stmt"/>
      <line num="861" count="2" type="stmt"/>
      <line num="862" count="2" type="stmt"/>
      <line num="863" count="2" type="stmt"/>
      <line num="864" count="2" type="stmt"/>
      <line num="865" count="2" type="cond" truecount="1" falsecount="0"/>
      <line num="866" count="9" type="stmt"/>
      <line num="867" count="9" type="cond" truecount="1" falsecount="0"/>
      <line num="868" count="7" type="stmt"/>
      <line num="869" count="9" type="cond" truecount="1" falsecount="0"/>
      <line num="870" count="2" type="stmt"/>
      <line num="871" count="2" type="stmt"/>
      <line num="872" count="2" type="stmt"/>
      <line num="873" count="2" type="stmt"/>
      <line num="874" count="2" type="stmt"/>
      <line num="875" count="43" type="stmt"/>
      <line num="876" count="43" type="stmt"/>
      <line num="877" count="43" type="stmt"/>
      <line num="878" count="43" type="cond" truecount="1" falsecount="0"/>
      <line num="879" count="4" type="stmt"/>
      <line num="880" count="4" type="stmt"/>
      <line num="881" count="4" type="stmt"/>
      <line num="882" count="4" type="stmt"/>
      <line num="883" count="4" type="stmt"/>
      <line num="884" count="4" type="cond" truecount="1" falsecount="0"/>
      <line num="885" count="2" type="stmt"/>
      <line num="886" count="2" type="stmt"/>
      <line num="887" count="2" type="stmt"/>
      <line num="888" count="2" type="cond" truecount="1" falsecount="0"/>
      <line num="889" count="14" type="stmt"/>
      <line num="890" count="14" type="cond" truecount="1" falsecount="0"/>
      <line num="891" count="6" type="stmt"/>
      <line num="892" count="6" type="stmt"/>
      <line num="893" count="2" type="stmt"/>
      <line num="894" count="2" type="stmt"/>
      <line num="895" count="2" type="stmt"/>
      <line num="896" count="43" type="stmt"/>
      <line num="897" count="43" type="stmt"/>
      <line num="898" count="43" type="stmt"/>
      <line num="899" count="43" type="cond" truecount="1" falsecount="0"/>
      <line num="900" count="2" type="stmt"/>
      <line num="901" count="2" type="stmt"/>
      <line num="902" count="2" type="stmt"/>
      <line num="903" count="2" type="stmt"/>
      <line num="904" count="2" type="stmt"/>
      <line num="905" count="2" type="stmt"/>
      <line num="906" count="2" type="cond" truecount="1" falsecount="0"/>
      <line num="907" count="12" type="stmt"/>
      <line num="908" count="12" type="cond" truecount="2" falsecount="0"/>
      <line num="909" count="2" type="stmt"/>
      <line num="910" count="2" type="stmt"/>
      <line num="911" count="12" type="stmt"/>
      <line num="912" count="12" type="cond" truecount="1" falsecount="0"/>
      <line num="913" count="5" type="stmt"/>
      <line num="914" count="5" type="stmt"/>
      <line num="915" count="2" type="stmt"/>
      <line num="916" count="2" type="stmt"/>
      <line num="917" count="2" type="stmt"/>
      <line num="918" count="43" type="stmt"/>
      <line num="919" count="43" type="stmt"/>
      <line num="920" count="43" type="stmt"/>
      <line num="921" count="43" type="cond" truecount="1" falsecount="0"/>
      <line num="922" count="2" type="stmt"/>
      <line num="923" count="2" type="stmt"/>
      <line num="924" count="2" type="stmt"/>
      <line num="925" count="2" type="cond" truecount="1" falsecount="0"/>
      <line num="926" count="1" type="stmt"/>
      <line num="927" count="1" type="stmt"/>
      <line num="928" count="2" type="stmt"/>
      <line num="929" count="2" type="stmt"/>
      <line num="930" count="2" type="stmt"/>
      <line num="931" count="2" type="stmt"/>
      <line num="932" count="2" type="stmt"/>
      <line num="933" count="2" type="stmt"/>
      <line num="934" count="2" type="stmt"/>
      <line num="935" count="2" type="cond" truecount="1" falsecount="0"/>
      <line num="936" count="3" type="stmt"/>
      <line num="937" count="3" type="stmt"/>
      <line num="938" count="3" type="stmt"/>
      <line num="939" count="3" type="cond" truecount="1" falsecount="0"/>
      <line num="940" count="1" type="stmt"/>
      <line num="941" count="1" type="stmt"/>
      <line num="942" count="3" type="stmt"/>
      <line num="943" count="2" type="stmt"/>
      <line num="944" count="2" type="stmt"/>
      <line num="945" count="43" type="stmt"/>
      <line num="946" count="43" type="stmt"/>
      <line num="947" count="43" type="stmt"/>
      <line num="948" count="43" type="stmt"/>
      <line num="949" count="0" type="stmt"/>
      <line num="950" count="43" type="stmt"/>
      <line num="951" count="43" type="stmt"/>
      <line num="952" count="43" type="stmt"/>
      <line num="953" count="43" type="stmt"/>
      <line num="954" count="43" type="stmt"/>
      <line num="955" count="43" type="stmt"/>
      <line num="956" count="43" type="stmt"/>
      <line num="957" count="43" type="stmt"/>
      <line num="958" count="43" type="stmt"/>
      <line num="959" count="43" type="stmt"/>
      <line num="960" count="43" type="stmt"/>
      <line num="961" count="43" type="stmt"/>
      <line num="962" count="0" type="stmt"/>
      <line num="963" count="0" type="stmt"/>
      <line num="964" count="0" type="stmt"/>
      <line num="965" count="0" type="stmt"/>
      <line num="966" count="0" type="stmt"/>
      <line num="967" count="0" type="stmt"/>
      <line num="968" count="0" type="stmt"/>
      <line num="969" count="0" type="stmt"/>
      <line num="970" count="0" type="stmt"/>
      <line num="971" count="0" type="stmt"/>
      <line num="972" count="0" type="stmt"/>
      <line num="973" count="0" type="stmt"/>
      <line num="974" count="0" type="stmt"/>
      <line num="975" count="0" type="stmt"/>
      <line num="976" count="0" type="stmt"/>
      <line num="977" count="0" type="stmt"/>
      <line num="978" count="0" type="stmt"/>
      <line num="979" count="0" type="stmt"/>
      <line num="980" count="0" type="stmt"/>
      <line num="981" count="0" type="stmt"/>
      <line num="982" count="0" type="stmt"/>
      <line num="983" count="0" type="stmt"/>
      <line num="984" count="0" type="stmt"/>
      <line num="985" count="0" type="stmt"/>
      <line num="986" count="0" type="stmt"/>
      <line num="987" count="0" type="stmt"/>
      <line num="988" count="0" type="stmt"/>
      <line num="989" count="43" type="stmt"/>
      <line num="990" count="43" type="stmt"/>
      <line num="991" count="43" type="stmt"/>
      <line num="992" count="43" type="stmt"/>
      <line num="993" count="43" type="stmt"/>
      <line num="994" count="1" type="stmt"/>
      <line num="995" count="1" type="stmt"/>
      <line num="996" count="1" type="stmt"/>
    </file>
    <file name="linqify.js" path="C:\Users\AnthonyChambers\OneDrive\code\LinqJS\LinqJS\Scripts\linqJs\linqify.js">
      <metrics statements="384" coveredstatements="316" conditionals="34" coveredconditionals="22" methods="54" coveredmethods="15"/>
      <line num="1" count="1" type="stmt"/>
      <line num="2" count="1" type="stmt"/>
      <line num="3" count="1" type="stmt"/>
      <line num="4" count="1" type="stmt"/>
      <line num="5" count="1" type="stmt"/>
      <line num="6" count="1" type="stmt"/>
      <line num="7" count="1" type="stmt"/>
      <line num="8" count="1" type="stmt"/>
      <line num="9" count="1" type="stmt"/>
      <line num="10" count="1" type="stmt"/>
      <line num="11" count="1" type="stmt"/>
      <line num="12" count="1" type="stmt"/>
      <line num="13" count="1" type="stmt"/>
      <line num="14" count="1" type="stmt"/>
      <line num="15" count="1" type="stmt"/>
      <line num="16" count="1" type="stmt"/>
      <line num="17" count="8" type="cond" truecount="1" falsecount="0"/>
      <line num="18" count="8" type="stmt"/>
      <line num="19" count="8" type="cond" truecount="0" falsecount="1"/>
      <line num="20" count="0" type="stmt"/>
      <line num="21" count="0" type="stmt"/>
      <line num="22" count="8" type="stmt"/>
      <line num="23" count="8" type="cond" truecount="0" falsecount="1"/>
      <line num="24" count="0" type="stmt"/>
      <line num="25" count="0" type="stmt"/>
      <line num="26" count="8" type="stmt"/>
      <line num="27" count="8" type="stmt"/>
      <line num="28" count="8" type="stmt"/>
      <line num="29" count="8" type="stmt"/>
      <line num="30" count="8" type="stmt"/>
      <line num="31" count="8" type="stmt"/>
      <line num="32" count="8" type="stmt"/>
      <line num="33" count="8" type="stmt"/>
      <line num="34" count="8" type="cond" truecount="1" falsecount="0"/>
      <line num="35" count="2" type="stmt"/>
      <line num="36" count="2" type="stmt"/>
      <line num="37" count="2" type="stmt"/>
      <line num="38" count="8" type="stmt"/>
      <line num="39" count="8" type="stmt"/>
      <line num="40" count="8" type="stmt"/>
      <line num="41" count="8" type="cond" truecount="1" falsecount="0"/>
      <line num="42" count="8" type="stmt"/>
      <line num="43" count="8" type="stmt"/>
      <line num="44" count="8" type="stmt"/>
      <line num="45" count="8" type="stmt"/>
      <line num="46" count="8" type="stmt"/>
      <line num="47" count="8" type="stmt"/>
      <line num="48" count="8" type="stmt"/>
      <line num="49" count="8" type="stmt"/>
      <line num="50" count="8" type="stmt"/>
      <line num="51" count="8" type="stmt"/>
      <line num="52" count="8" type="stmt"/>
      <line num="53" count="8" type="stmt"/>
      <line num="54" count="8" type="stmt"/>
      <line num="55" count="8" type="cond" truecount="1" falsecount="0"/>
      <line num="56" count="1" type="stmt"/>
      <line num="57" count="1" type="stmt"/>
      <line num="58" count="1" type="stmt"/>
      <line num="59" count="8" type="stmt"/>
      <line num="60" count="8" type="stmt"/>
      <line num="61" count="8" type="stmt"/>
      <line num="62" count="8" type="stmt"/>
      <line num="63" count="0" type="stmt"/>
      <line num="64" count="0" type="stmt"/>
      <line num="65" count="0" type="stmt"/>
      <line num="66" count="8" type="stmt"/>
      <line num="67" count="8" type="stmt"/>
      <line num="68" count="8" type="stmt"/>
      <line num="69" count="8" type="stmt"/>
      <line num="70" count="8" type="stmt"/>
      <line num="71" count="8" type="stmt"/>
      <line num="72" count="8" type="stmt"/>
      <line num="73" count="8" type="stmt"/>
      <line num="74" count="0" type="stmt"/>
      <line num="75" count="0" type="stmt"/>
      <line num="76" count="0" type="stmt"/>
      <line num="77" count="8" type="stmt"/>
      <line num="78" count="8" type="stmt"/>
      <line num="79" count="8" type="stmt"/>
      <line num="80" count="8" type="stmt"/>
      <line num="81" count="8" type="stmt"/>
      <line num="82" count="8" type="stmt"/>
      <line num="83" count="0" type="stmt"/>
      <line num="84" count="0" type="stmt"/>
      <line num="85" count="0" type="stmt"/>
      <line num="86" count="8" type="stmt"/>
      <line num="87" count="8" type="stmt"/>
      <line num="88" count="8" type="stmt"/>
      <line num="89" count="8" type="stmt"/>
      <line num="90" count="0" type="stmt"/>
      <line num="91" count="0" type="stmt"/>
      <line num="92" count="0" type="stmt"/>
      <line num="93" count="8" type="stmt"/>
      <line num="94" count="8" type="stmt"/>
      <line num="95" count="8" type="stmt"/>
      <line num="96" count="8" type="stmt"/>
      <line num="97" count="8" type="stmt"/>
      <line num="98" count="8" type="stmt"/>
      <line num="99" count="8" type="stmt"/>
      <line num="100" count="0" type="stmt"/>
      <line num="101" count="0" type="stmt"/>
      <line num="102" count="0" type="stmt"/>
      <line num="103" count="8" type="stmt"/>
      <line num="104" count="8" type="stmt"/>
      <line num="105" count="8" type="stmt"/>
      <line num="106" count="8" type="stmt"/>
      <line num="107" count="0" type="stmt"/>
      <line num="108" count="0" type="stmt"/>
      <line num="109" count="0" type="stmt"/>
      <line num="110" count="8" type="stmt"/>
      <line num="111" count="8" type="stmt"/>
      <line num="112" count="8" type="stmt"/>
      <line num="113" count="8" type="stmt"/>
      <line num="114" count="8" type="stmt"/>
      <line num="115" count="8" type="stmt"/>
      <line num="116" count="8" type="stmt"/>
      <line num="117" count="8" type="stmt"/>
      <line num="118" count="0" type="stmt"/>
      <line num="119" count="0" type="stmt"/>
      <line num="120" count="0" type="stmt"/>
      <line num="121" count="8" type="stmt"/>
      <line num="122" count="8" type="stmt"/>
      <line num="123" count="8" type="stmt"/>
      <line num="124" count="8" type="stmt"/>
      <line num="125" count="0" type="stmt"/>
      <line num="126" count="0" type="stmt"/>
      <line num="127" count="0" type="stmt"/>
      <line num="128" count="8" type="stmt"/>
      <line num="129" count="8" type="stmt"/>
      <line num="130" count="8" type="stmt"/>
      <line num="131" count="8" type="stmt"/>
      <line num="132" count="0" type="stmt"/>
      <line num="133" count="0" type="stmt"/>
      <line num="134" count="0" type="stmt"/>
      <line num="135" count="8" type="stmt"/>
      <line num="136" count="8" type="stmt"/>
      <line num="137" count="8" type="stmt"/>
      <line num="138" count="8" type="stmt"/>
      <line num="139" count="0" type="stmt"/>
      <line num="140" count="0" type="stmt"/>
      <line num="141" count="0" type="stmt"/>
      <line num="142" count="8" type="stmt"/>
      <line num="143" count="8" type="stmt"/>
      <line num="144" count="8" type="stmt"/>
      <line num="145" count="8" type="stmt"/>
      <line num="146" count="0" type="stmt"/>
      <line num="147" count="0" type="stmt"/>
      <line num="148" count="0" type="stmt"/>
      <line num="149" count="8" type="stmt"/>
      <line num="150" count="8" type="stmt"/>
      <line num="151" count="8" type="stmt"/>
      <line num="152" count="8" type="stmt"/>
      <line num="153" count="0" type="stmt"/>
      <line num="154" count="0" type="stmt"/>
      <line num="155" count="0" type="stmt"/>
      <line num="156" count="8" type="stmt"/>
      <line num="157" count="8" type="stmt"/>
      <line num="158" count="8" type="stmt"/>
      <line num="159" count="8" type="stmt"/>
      <line num="160" count="0" type="stmt"/>
      <line num="161" count="0" type="stmt"/>
      <line num="162" count="0" type="stmt"/>
      <line num="163" count="8" type="stmt"/>
      <line num="164" count="8" type="stmt"/>
      <line num="165" count="8" type="stmt"/>
      <line num="166" count="8" type="stmt"/>
      <line num="167" count="0" type="stmt"/>
      <line num="168" count="0" type="stmt"/>
      <line num="169" count="0" type="stmt"/>
      <line num="170" count="8" type="stmt"/>
      <line num="171" count="8" type="stmt"/>
      <line num="172" count="8" type="stmt"/>
      <line num="173" count="8" type="stmt"/>
      <line num="174" count="0" type="stmt"/>
      <line num="175" count="0" type="stmt"/>
      <line num="176" count="0" type="stmt"/>
      <line num="177" count="8" type="stmt"/>
      <line num="178" count="8" type="stmt"/>
      <line num="179" count="8" type="stmt"/>
      <line num="180" count="8" type="stmt"/>
      <line num="181" count="0" type="stmt"/>
      <line num="182" count="0" type="stmt"/>
      <line num="183" count="0" type="stmt"/>
      <line num="184" count="8" type="stmt"/>
      <line num="185" count="8" type="stmt"/>
      <line num="186" count="8" type="stmt"/>
      <line num="187" count="8" type="stmt"/>
      <line num="188" count="8" type="stmt"/>
      <line num="189" count="8" type="stmt"/>
      <line num="190" count="8" type="stmt"/>
      <line num="191" count="8" type="stmt"/>
      <line num="192" count="8" type="stmt"/>
      <line num="193" count="0" type="stmt"/>
      <line num="194" count="0" type="stmt"/>
      <line num="195" count="8" type="stmt"/>
      <line num="196" count="8" type="stmt"/>
      <line num="197" count="8" type="stmt"/>
      <line num="198" count="8" type="stmt"/>
      <line num="199" count="8" type="stmt"/>
      <line num="200" count="8" type="stmt"/>
      <line num="201" count="8" type="stmt"/>
      <line num="202" count="8" type="stmt"/>
      <line num="203" count="8" type="stmt"/>
      <line num="204" count="8" type="stmt"/>
      <line num="205" count="8" type="stmt"/>
      <line num="206" count="8" type="stmt"/>
      <line num="207" count="8" type="stmt"/>
      <line num="208" count="8" type="stmt"/>
      <line num="209" count="8" type="stmt"/>
      <line num="210" count="8" type="stmt"/>
      <line num="211" count="8" type="stmt"/>
      <line num="212" count="8" type="stmt"/>
      <line num="213" count="8" type="stmt"/>
      <line num="214" count="8" type="stmt"/>
      <line num="215" count="8" type="cond" truecount="1" falsecount="0"/>
      <line num="216" count="336" type="stmt"/>
      <line num="217" count="336" type="stmt"/>
      <line num="218" count="336" type="stmt"/>
      <line num="219" count="336" type="cond" truecount="1" falsecount="0"/>
      <line num="220" count="672" type="stmt"/>
      <line num="221" count="672" type="cond" truecount="1" falsecount="0"/>
      <line num="222" count="336" type="cond" truecount="1" falsecount="0"/>
      <line num="223" count="336" type="stmt"/>
      <line num="224" count="336" type="stmt"/>
      <line num="225" count="336" type="stmt"/>
      <line num="226" count="336" type="stmt"/>
      <line num="227" count="336" type="stmt"/>
      <line num="228" count="336" type="stmt"/>
      <line num="229" count="336" type="stmt"/>
      <line num="230" count="336" type="stmt"/>
      <line num="231" count="336" type="stmt"/>
      <line num="232" count="336" type="cond" truecount="1" falsecount="0"/>
      <line num="233" count="672" type="stmt"/>
      <line num="234" count="672" type="stmt"/>
      <line num="235" count="672" type="stmt"/>
      <line num="236" count="672" type="stmt"/>
      <line num="237" count="672" type="cond" truecount="0" falsecount="1"/>
      <line num="238" count="0" type="stmt"/>
      <line num="239" count="0" type="stmt"/>
      <line num="240" count="0" type="stmt"/>
      <line num="241" count="0" type="stmt"/>
      <line num="242" count="0" type="stmt"/>
      <line num="243" count="0" type="stmt"/>
      <line num="244" count="672" type="cond" truecount="0" falsecount="2"/>
      <line num="245" count="0" type="stmt"/>
      <line num="246" count="0" type="stmt"/>
      <line num="247" count="672" type="cond" truecount="1" falsecount="0"/>
      <line num="248" count="336" type="cond" truecount="1" falsecount="0"/>
      <line num="249" count="672" type="stmt"/>
      <line num="250" count="672" type="stmt"/>
      <line num="251" count="336" type="stmt"/>
      <line num="252" count="336" type="stmt"/>
      <line num="253" count="336" type="stmt"/>
      <line num="254" count="336" type="stmt"/>
      <line num="255" count="336" type="stmt"/>
      <line num="256" count="336" type="stmt"/>
      <line num="257" count="336" type="stmt"/>
      <line num="258" count="336" type="stmt"/>
      <line num="259" count="672" type="stmt"/>
      <line num="260" count="672" type="stmt"/>
      <line num="261" count="672" type="stmt"/>
      <line num="262" count="672" type="stmt"/>
      <line num="263" count="336" type="stmt"/>
      <line num="264" count="336" type="cond" truecount="1" falsecount="0"/>
      <line num="265" count="672" type="stmt"/>
      <line num="266" count="672" type="stmt"/>
      <line num="267" count="672" type="stmt"/>
      <line num="268" count="336" type="stmt"/>
      <line num="269" count="336" type="cond" truecount="1" falsecount="0"/>
      <line num="270" count="672" type="stmt"/>
      <line num="271" count="672" type="cond" truecount="0" falsecount="1"/>
      <line num="272" count="0" type="stmt"/>
      <line num="273" count="0" type="stmt"/>
      <line num="274" count="672" type="stmt"/>
      <line num="275" count="672" type="stmt"/>
      <line num="276" count="672" type="stmt"/>
      <line num="277" count="672" type="cond" truecount="0" falsecount="2"/>
      <line num="278" count="0" type="stmt"/>
      <line num="279" count="0" type="stmt"/>
      <line num="280" count="672" type="stmt"/>
      <line num="281" count="672" type="stmt"/>
      <line num="282" count="672" type="cond" truecount="2" falsecount="0"/>
      <line num="283" count="672" type="stmt"/>
      <line num="284" count="336" type="stmt"/>
      <line num="285" count="336" type="cond" truecount="1" falsecount="0"/>
      <line num="286" count="672" type="stmt"/>
      <line num="287" count="672" type="cond" truecount="0" falsecount="3"/>
      <line num="288" count="672" type="stmt"/>
      <line num="289" count="336" type="stmt"/>
      <line num="290" count="336" type="cond" truecount="1" falsecount="0"/>
      <line num="291" count="672" type="stmt"/>
      <line num="292" count="672" type="stmt"/>
      <line num="293" count="672" type="stmt"/>
      <line num="294" count="336" type="stmt"/>
      <line num="295" count="336" type="cond" truecount="1" falsecount="0"/>
      <line num="296" count="672" type="stmt"/>
      <line num="297" count="672" type="stmt"/>
      <line num="298" count="672" type="stmt"/>
      <line num="299" count="336" type="stmt"/>
      <line num="300" count="336" type="cond" truecount="1" falsecount="0"/>
      <line num="301" count="336" type="stmt"/>
      <line num="302" count="336" type="cond" truecount="0" falsecount="1"/>
      <line num="303" count="0" type="stmt"/>
      <line num="304" count="0" type="stmt"/>
      <line num="305" count="336" type="stmt"/>
      <line num="306" count="336" type="stmt"/>
      <line num="307" count="336" type="stmt"/>
      <line num="308" count="336" type="stmt"/>
      <line num="309" count="336" type="stmt"/>
      <line num="310" count="8" type="stmt"/>
      <line num="311" count="1" type="stmt"/>
      <line num="312" count="1" type="stmt"/>
      <line num="313" count="1" type="stmt"/>
      <line num="314" count="1" type="stmt"/>
      <line num="315" count="1" type="stmt"/>
      <line num="316" count="1" type="stmt"/>
      <line num="317" count="2" type="cond" truecount="1" falsecount="0"/>
      <line num="318" count="2" type="stmt"/>
      <line num="319" count="2" type="stmt"/>
      <line num="320" count="2" type="stmt"/>
      <line num="321" count="2" type="stmt"/>
      <line num="322" count="2" type="stmt"/>
      <line num="323" count="2" type="stmt"/>
      <line num="324" count="2" type="stmt"/>
      <line num="325" count="2" type="stmt"/>
      <line num="326" count="2" type="stmt"/>
      <line num="327" count="2" type="stmt"/>
      <line num="328" count="2" type="stmt"/>
      <line num="329" count="2" type="stmt"/>
      <line num="330" count="2" type="stmt"/>
      <line num="331" count="2" type="stmt"/>
      <line num="332" count="2" type="stmt"/>
      <line num="333" count="2" type="stmt"/>
      <line num="334" count="2" type="stmt"/>
      <line num="335" count="2" type="stmt"/>
      <line num="336" count="2" type="stmt"/>
      <line num="337" count="2" type="stmt"/>
      <line num="338" count="2" type="stmt"/>
      <line num="339" count="2" type="stmt"/>
      <line num="340" count="2" type="stmt"/>
      <line num="341" count="2" type="stmt"/>
      <line num="342" count="2" type="stmt"/>
      <line num="343" count="2" type="stmt"/>
      <line num="344" count="2" type="stmt"/>
      <line num="345" count="2" type="stmt"/>
      <line num="346" count="2" type="stmt"/>
      <line num="347" count="2" type="stmt"/>
      <line num="348" count="2" type="stmt"/>
      <line num="349" count="2" type="stmt"/>
      <line num="350" count="2" type="stmt"/>
      <line num="351" count="2" type="stmt"/>
      <line num="352" count="2" type="stmt"/>
      <line num="353" count="2" type="stmt"/>
      <line num="354" count="2" type="stmt"/>
      <line num="355" count="2" type="stmt"/>
      <line num="356" count="2" type="stmt"/>
      <line num="357" count="2" type="stmt"/>
      <line num="358" count="2" type="stmt"/>
      <line num="359" count="2" type="stmt"/>
      <line num="360" count="2" type="stmt"/>
      <line num="361" count="1" type="stmt"/>
      <line num="362" count="1" type="stmt"/>
      <line num="363" count="1" type="stmt"/>
      <line num="364" count="1" type="stmt"/>
      <line num="365" count="1" type="stmt"/>
      <line num="366" count="1" type="cond" truecount="1" falsecount="0"/>
      <line num="367" count="2" type="stmt"/>
      <line num="368" count="2" type="stmt"/>
      <line num="369" count="2" type="stmt"/>
      <line num="370" count="2" type="stmt"/>
      <line num="371" count="2" type="stmt"/>
      <line num="372" count="1" type="stmt"/>
      <line num="373" count="1" type="stmt"/>
      <line num="374" count="1" type="stmt"/>
      <line num="375" count="1" type="stmt"/>
      <line num="376" count="1" type="cond" truecount="1" falsecount="0"/>
      <line num="377" count="1" type="stmt"/>
      <line num="378" count="1" type="stmt"/>
      <line num="379" count="1" type="stmt"/>
      <line num="380" count="1" type="stmt"/>
      <line num="381" count="1" type="stmt"/>
      <line num="382" count="1" type="stmt"/>
      <line num="383" count="1" type="stmt"/>
      <line num="384" count="1" type="stmt"/>
    </file>
  </project>
</coverage>
